<?xml version="1.0" encoding="UTF-8"?>
<testsuite xmlns:xsi="http://www.w3.org/2001/XMLSchema-instance" xsi:noNamespaceSchemaLocation="https://maven.apache.org/surefire/maven-surefire-plugin/xsd/surefire-test-report.xsd" name="com.practice.TestRedis" time="23.123" tests="1" errors="1" skipped="0" failures="0">
  <properties>
[...]
</properties>
  <testcase name="Test" classname="com.practice.TestRedis" time="2.631">
    <error type="java.lang.NullPointerException">java.lang.NullPointerException
	at com.practice.TestRedis.Test(TestRedis.java:28)
</error>
    <system-out><![CDATA[12:00:16.814 [main] DEBUG org.springframework.test.context.BootstrapUtils - Instantiating CacheAwareContextLoaderDelegate from class [org.springframework.test.context.cache.DefaultCacheAwareContextLoaderDelegate]
12:00:16.845 [main] DEBUG org.springframework.test.context.BootstrapUtils - Instantiating BootstrapContext using constructor [public org.springframework.test.context.support.DefaultBootstrapContext(java.lang.Class,org.springframework.test.context.CacheAwareContextLoaderDelegate)]
12:00:16.965 [main] DEBUG org.springframework.test.context.BootstrapUtils - Instantiating TestContextBootstrapper for test class [com.practice.TestRedis] from class [org.springframework.boot.test.context.SpringBootTestContextBootstrapper]
12:00:16.999 [main] INFO org.springframework.boot.test.context.SpringBootTestContextBootstrapper - Neither @ContextConfiguration nor @ContextHierarchy found for test class [com.practice.TestRedis], using SpringBootContextLoader
12:00:17.011 [main] DEBUG org.springframework.test.context.support.AbstractContextLoader - Did not detect default resource location for test class [com.practice.TestRedis]: class path resource [com/practice/TestRedis-context.xml] does not exist
12:00:17.013 [main] DEBUG org.springframework.test.context.support.AbstractContextLoader - Did not detect default resource location for test class [com.practice.TestRedis]: class path resource [com/practice/TestRedisContext.groovy] does not exist
12:00:17.014 [main] INFO org.springframework.test.context.support.AbstractContextLoader - Could not detect default resource locations for test class [com.practice.TestRedis]: no resource found for suffixes {-context.xml, Context.groovy}.
12:00:17.017 [main] INFO org.springframework.test.context.support.AnnotationConfigContextLoaderUtils - Could not detect default configuration classes for test class [com.practice.TestRedis]: TestRedis does not declare any static, non-private, non-final, nested classes annotated with @Configuration.
12:00:17.245 [main] DEBUG org.springframework.test.context.support.ActiveProfilesUtils - Could not find an 'annotation declaring class' for annotation type [org.springframework.test.context.ActiveProfiles] and class [com.practice.TestRedis]
12:00:17.454 [main] DEBUG org.springframework.context.annotation.ClassPathScanningCandidateComponentProvider - Identified candidate component class: file [/home/yh/AOj/practice_hd/practice_hd/target/classes/com/practice/PracticeApplication.class]
12:00:17.461 [main] INFO org.springframework.boot.test.context.SpringBootTestContextBootstrapper - Found @SpringBootConfiguration com.practice.PracticeApplication for test class com.practice.TestRedis
12:00:17.820 [main] DEBUG org.springframework.boot.test.context.SpringBootTestContextBootstrapper - @TestExecutionListeners is not present for class [com.practice.TestRedis]: using defaults.
12:00:17.822 [main] INFO org.springframework.boot.test.context.SpringBootTestContextBootstrapper - Loaded default TestExecutionListener class names from location [META-INF/spring.factories]: [org.springframework.boot.test.mock.mockito.MockitoTestExecutionListener, org.springframework.boot.test.mock.mockito.ResetMocksTestExecutionListener, org.springframework.boot.test.autoconfigure.restdocs.RestDocsTestExecutionListener, org.springframework.boot.test.autoconfigure.web.client.MockRestServiceServerResetTestExecutionListener, org.springframework.boot.test.autoconfigure.web.servlet.MockMvcPrintOnlyOnFailureTestExecutionListener, org.springframework.boot.test.autoconfigure.web.servlet.WebDriverTestExecutionListener, org.springframework.boot.test.autoconfigure.webservices.client.MockWebServiceServerTestExecutionListener, org.springframework.test.context.web.ServletTestExecutionListener, org.springframework.test.context.support.DirtiesContextBeforeModesTestExecutionListener, org.springframework.test.context.event.ApplicationEventsTestExecutionListener, org.springframework.test.context.support.DependencyInjectionTestExecutionListener, org.springframework.test.context.support.DirtiesContextTestExecutionListener, org.springframework.test.context.transaction.TransactionalTestExecutionListener, org.springframework.test.context.jdbc.SqlScriptsTestExecutionListener, org.springframework.test.context.event.EventPublishingTestExecutionListener]
12:00:17.908 [main] INFO org.springframework.boot.test.context.SpringBootTestContextBootstrapper - Using TestExecutionListeners: [org.springframework.test.context.web.ServletTestExecutionListener@1a75e76a, org.springframework.test.context.support.DirtiesContextBeforeModesTestExecutionListener@5524cca1, org.springframework.test.context.event.ApplicationEventsTestExecutionListener@5032714f, org.springframework.boot.test.mock.mockito.MockitoTestExecutionListener@48bb62, org.springframework.boot.test.autoconfigure.SpringBootDependencyInjectionTestExecutionListener@353352b6, org.springframework.test.context.support.DirtiesContextTestExecutionListener@4681c175, org.springframework.test.context.transaction.TransactionalTestExecutionListener@57a78e3, org.springframework.test.context.jdbc.SqlScriptsTestExecutionListener@402c4085, org.springframework.test.context.event.EventPublishingTestExecutionListener@6fa51cd4, org.springframework.boot.test.mock.mockito.ResetMocksTestExecutionListener@2767e23c, org.springframework.boot.test.autoconfigure.restdocs.RestDocsTestExecutionListener@710c2b53, org.springframework.boot.test.autoconfigure.web.client.MockRestServiceServerResetTestExecutionListener@5386659f, org.springframework.boot.test.autoconfigure.web.servlet.MockMvcPrintOnlyOnFailureTestExecutionListener@14028087, org.springframework.boot.test.autoconfigure.web.servlet.WebDriverTestExecutionListener@cecf639, org.springframework.boot.test.autoconfigure.webservices.client.MockWebServiceServerTestExecutionListener@1caa0244]
12:00:17.920 [main] DEBUG org.springframework.test.context.support.AbstractDirtiesContextTestExecutionListener - Before test class: context [DefaultTestContext@3e08ff24 testClass = TestRedis, testInstance = [null], testMethod = [null], testException = [null], mergedContextConfiguration = [WebMergedContextConfiguration@4d1c005e testClass = TestRedis, locations = '{}', classes = '{class com.practice.PracticeApplication}', contextInitializerClasses = '[]', activeProfiles = '{}', propertySourceLocations = '{}', propertySourceProperties = '{org.springframework.boot.test.context.SpringBootTestContextBootstrapper=true}', contextCustomizers = set[org.springframework.boot.test.context.filter.ExcludeFilterContextCustomizer@333291e3, org.springframework.boot.test.json.DuplicateJsonObjectContextCustomizerFactory$DuplicateJsonObjectContextCustomizer@402bba4f, org.springframework.boot.test.mock.mockito.MockitoContextCustomizer@0, org.springframework.boot.test.web.client.TestRestTemplateContextCustomizer@7c729a55, org.springframework.boot.test.autoconfigure.actuate.metrics.MetricsExportContextCustomizerFactory$DisableMetricExportContextCustomizer@2e005c4b, org.springframework.boot.test.autoconfigure.properties.PropertyMappingContextCustomizer@0, org.springframework.boot.test.autoconfigure.web.servlet.WebDriverContextCustomizerFactory$Customizer@37afeb11, org.springframework.boot.test.context.SpringBootTestArgs@1, org.springframework.boot.test.context.SpringBootTestWebEnvironment@548b7f67], resourceBasePath = 'src/main/webapp', contextLoader = 'org.springframework.boot.test.context.SpringBootContextLoader', parent = [null]], attributes = map['org.springframework.test.context.web.ServletTestExecutionListener.activateListener' -> true]], class annotated with @DirtiesContext [false] with mode [null].

  .   ____          _            __ _ _
 /\\ / ___'_ __ _ _(_)_ __  __ _ \ \ \ \
( ( )\___ | '_ | '_| | '_ \/ _` | \ \ \ \
 \\/  ___)| |_)| | | | | || (_| |  ) ) ) )
  '  |____| .__|_| |_|_| |_\__, | / / / /
 =========|_|==============|___/=/_/_/_/
 :: Spring Boot ::                (v2.7.0)

2022-06-09 12:00:19.793  INFO 178497 --- [           main] com.practice.TestRedis                   : Starting TestRedis using Java 1.8.0_302 on yh with PID 178497 (started by yh in /home/yh/AOj/practice_hd/practice_hd)
2022-06-09 12:00:19.799  INFO 178497 --- [           main] com.practice.TestRedis                   : No active profile set, falling back to 1 default profile: "default"
2022-06-09 12:00:23.485  INFO 178497 --- [           main] .s.d.r.c.RepositoryConfigurationDelegate : Multiple Spring Data modules found, entering strict repository configuration mode!
2022-06-09 12:00:23.492  INFO 178497 --- [           main] .s.d.r.c.RepositoryConfigurationDelegate : Bootstrapping Spring Data Redis repositories in DEFAULT mode.
2022-06-09 12:00:23.603  INFO 178497 --- [           main] .s.d.r.c.RepositoryConfigurationDelegate : Finished Spring Data repository scanning in 72 ms. Found 0 Redis repository interfaces.
Logging initialized using 'class org.apache.ibatis.logging.stdout.StdOutImpl' adapter.
Registered plugin: 'com.baomidou.mybatisplus.extension.plugins.MybatisPlusInterceptor@7134b8a7'
Parsed mapper file: 'file [/home/yh/AOj/practice_hd/practice_hd/target/classes/mapper/UserMapper.xml]'
 _ _   |_  _ _|_. ___ _ |    _ 
| | |\/|_)(_| | |_\  |_)||_|_\ 
     /               |         
                        3.5.2 
2022-06-09 12:00:32.305  INFO 178497 --- [           main] pertySourcedRequestMappingHandlerMapping : Mapped URL path [/v2/api-docs] onto method [springfox.documentation.swagger2.web.Swagger2Controller#getDocumentation(String, HttpServletRequest)]
2022-06-09 12:00:33.829  INFO 178497 --- [           main] o.s.s.web.DefaultSecurityFilterChain     : Will secure any request with [org.springframework.security.web.session.DisableEncodeUrlFilter@5ed25612, org.springframework.security.web.context.request.async.WebAsyncManagerIntegrationFilter@451816fd, org.springframework.security.web.context.SecurityContextPersistenceFilter@6e2eead5, org.springframework.security.web.header.HeaderWriterFilter@67b560fe, org.springframework.security.web.authentication.logout.LogoutFilter@76828577, com.practice.config.Security.TokenAuthenticationTokenFilter@56e5c8fb, org.springframework.security.web.authentication.UsernamePasswordAuthenticationFilter@2bdb5e0f, org.springframework.security.web.authentication.ui.DefaultLoginPageGeneratingFilter@18e4551, org.springframework.security.web.authentication.ui.DefaultLogoutPageGeneratingFilter@45cd8607, org.springframework.security.web.savedrequest.RequestCacheAwareFilter@ca546a1, org.springframework.security.web.servletapi.SecurityContextHolderAwareRequestFilter@1187dc82, org.springframework.security.web.authentication.AnonymousAuthenticationFilter@9e33a6a, org.springframework.security.web.session.SessionManagementFilter@14ed7ddf, org.springframework.security.web.access.ExceptionTranslationFilter@4d4df0f4, org.springframework.security.web.access.intercept.FilterSecurityInterceptor@45f9d394]
2022-06-09 12:00:35.975  INFO 178497 --- [           main] d.s.w.p.DocumentationPluginsBootstrapper : Context refreshed
2022-06-09 12:00:36.036  INFO 178497 --- [           main] d.s.w.p.DocumentationPluginsBootstrapper : Found 1 custom documentation plugin(s)
2022-06-09 12:00:36.149  INFO 178497 --- [           main] s.d.s.w.s.ApiListingReferenceScanner     : Scanning for api listing references
2022-06-09 12:00:37.013  INFO 178497 --- [           main] com.practice.TestRedis                   : Started TestRedis in 18.917 seconds (JVM running for 22.399)
2022-06-09 12:00:39.534 ERROR 178497 --- [           main] com.practice.utils.RedisUtils            : Error in execution; nested exception is io.lettuce.core.RedisReadOnlyException: READONLY You can't write against a read only replica.
]]></system-out>
  </testcase>
</testsuite>